2024-07-02 11:20:38,052:ERROR:Could not find any access points at http://www.horrycountyschools.net/
2024-07-02 11:20:38,186:ERROR:Could not find any access points at http://www.madera.k12.ca.us/
2024-07-02 11:20:38,497:ERROR:Could not find any access points at http://boerneisd.net/
2024-07-02 11:20:38,869:ERROR:Could not find any access points at http://www.crook1.com/
2024-07-02 11:20:39,182:ERROR:Could not find any access points at http://www.nhp-gcp.org/
2024-07-02 11:20:39,206:ERROR:Could not find any access points at http://usd365.org/
2024-07-02 11:20:39,996:ERROR:Could not find any access points at http://www.npenn.org/
2024-07-02 11:20:40,336:ERROR:Could not find any access points at http://www.stokes.k12.nc.us/
2024-07-02 11:20:40,480:ERROR:Could not find any access points at http://www.dsdhs.com/
2024-07-02 11:20:41,032:ERROR:Could not find any access points at http://www.hampton.k12.va.us/
2024-07-02 11:20:41,233:ERROR:Could not find any access points at http://www.brsu.org/
2024-07-02 11:20:41,659:ERROR:Could not find any access points at http://www.csd83.org/
2024-07-02 11:20:41,715:ERROR:Could not find any access points at http://www.arvinschools.com/
2024-07-02 11:20:41,755:ERROR:Could not find any access points at http://www.wced6026.org/
2024-07-02 11:20:42,209:ERROR:Could not find any access points at http://www.cps-k12.org/
2024-07-02 11:20:42,310:ERROR:Could not find any access points at http://www.westholmes.org/
2024-07-02 11:20:42,406:ERROR:Could not find any access points at http://www.lisaacademy.org/
2024-07-02 11:20:42,460:ERROR:Could not find any access points at http://www.mr238.org/
2024-07-02 11:20:42,679:ERROR:Could not find any access points at http://www.newarkcsd.org/
2024-07-02 11:20:43,704:ERROR:Could not find any access points at http://www.potosir3.org/
