2024-07-02 12:57:52,816:ERROR:Error processing URL http://www.upsd.org//district/directory: HTTPSConnectionPool(host='www.upsd.org', port=443): Read timed out. (read timeout=5)
2024-07-02 12:57:59,761:ERROR:Error processing URL http://www.pittsfordschools.org//departments/athletics/coach-directory: HTTPSConnectionPool(host='www.pittsfordschools.org', port=443): Read timed out. (read timeout=5)
2024-07-02 12:58:20,335:ERROR:Error processing URL http://www.snowlineschools.com//apps/pages/index.jsp?urec_id=1047957&type=d: HTTPSConnectionPool(host='www.snowlineschools.com', port=443): Read timed out. (read timeout=5)
2024-07-02 12:58:23,343:ERROR:Error processing URL http://www.esd20.org//about/directory: HTTPSConnectionPool(host='www.esd20.org', port=443): Read timed out. (read timeout=5)
2024-07-02 12:58:23,410:ERROR:Error processing URL https://schools.alsde.edu/eddir/default.aspx: HTTPSConnectionPool(host='schools.alsde.edu', port=443): Max retries exceeded with url: /eddir/default.aspx (Caused by NameResolutionError("<urllib3.connection.HTTPSConnection object at 0x1070055b0>: Failed to resolve 'schools.alsde.edu' ([Errno 8] nodename nor servname provided, or not known)"))
2024-07-02 12:58:28,186:ERROR:Error processing URL http://www.psjaisd.us//about-us/contact-us/campus-directory: HTTPSConnectionPool(host='www.psjaisd.us', port=443): Read timed out. (read timeout=5)
2024-07-02 12:58:31,088:ERROR:Error processing URL http://inglewoodusd.com//apps/pages/index.jsp?urec_id=1471367&type=d&prec_id=1624645: HTTPSConnectionPool(host='www.inglewoodusd.com', port=443): Read timed out. (read timeout=5)
2024-07-02 12:58:31,987:ERROR:Error processing URL http://www.scott.k12.ms.us//apps/pages/index.jsp?urec_id=3471820&type=d&prec_id=2390718: HTTPSConnectionPool(host='www.scott.k12.ms.us', port=443): Read timed out. (read timeout=5)
2024-07-02 12:58:32,064:ERROR:Error processing URL http://www.wcsd1.org//apps/pages/index.jsp?urec_id=2145402&type=d&prec_id=2166280: HTTPSConnectionPool(host='www.wcsd1.org', port=443): Read timed out. (read timeout=5)
2024-07-02 12:58:43,414:ERROR:Error processing URL http://www.nbisd.org//campus-listing/principal-directory: HTTPSConnectionPool(host='www.nbisd.org', port=443): Read timed out. (read timeout=5)
2024-07-02 12:58:45,620:ERROR:Error processing URL http://www.eaglepassisd.net//departments: HTTPSConnectionPool(host='www.eaglepassisd.netdepartments', port=443): Max retries exceeded with url: / (Caused by NameResolutionError("<urllib3.connection.HTTPSConnection object at 0x112671f10>: Failed to resolve 'www.eaglepassisd.netdepartments' ([Errno 8] nodename nor servname provided, or not known)"))
2024-07-02 12:58:59,520:ERROR:Error processing URL https://directory.tjuhsd.org: HTTPSConnectionPool(host='directory.tjuhsd.org', port=443): Max retries exceeded with url: / (Caused by SSLError(SSLCertVerificationError(1, '[SSL: CERTIFICATE_VERIFY_FAILED] certificate verify failed: certificate has expired (_ssl.c:1000)')))
2024-07-02 12:59:12,987:ERROR:Error processing URL http://www.pdc.k12.wi.us///www.pdc.k12.wi.us/district/districtfacultiydirectory.cfm: HTTPConnectionPool(host='www.pdc.k12.wi.us', port=80): Max retries exceeded with url: /www.pdc.k12.wi.us/district/districtfacultiydirectory.cfm (Caused by NameResolutionError("<urllib3.connection.HTTPConnection object at 0x110f99a30>: Failed to resolve 'www.pdc.k12.wi.us' ([Errno 8] nodename nor servname provided, or not known)"))
2024-07-02 12:59:26,458:ERROR:Error processing URL http://www.acs-k12.org//contact: HTTPSConnectionPool(host='www.acs-k12.org', port=443): Read timed out. (read timeout=5)
2024-07-02 12:59:27,422:ERROR:Error processing URL http://www.soudertonsd.org/our-schools: HTTPSConnectionPool(host='www.soudertonsd.org', port=443): Read timed out. (read timeout=5)
2024-07-02 12:59:38,085:ERROR:Error processing URL https://mail.esasd.net/directory.wssp: HTTPSConnectionPool(host='mail.esasd.net', port=443): Max retries exceeded with url: /directory.wssp (Caused by ConnectTimeoutError(<urllib3.connection.HTTPSConnection object at 0x107e74e00>, 'Connection to mail.esasd.net timed out. (connect timeout=5)'))
2024-07-02 12:59:47,390:ERROR:Error processing URL http://www.centralislip.k12.ny.us//a-z-website-directory: HTTPSConnectionPool(host='www.centralislip.k12.ny.us', port=443): Read timed out. (read timeout=5)
2024-07-02 12:59:50,630:ERROR:Error processing URL http://www.elcosd.org//domain/338: HTTPSConnectionPool(host='www.elcosd.org', port=443): Read timed out. (read timeout=5)
2024-07-02 12:59:53,784:ERROR:Error processing URL http://www.forneyisd.net//about-us/campus-department-directory: HTTPSConnectionPool(host='www.forneyisd.net', port=443): Read timed out. (read timeout=5)
2024-07-02 12:59:53,937:ERROR:Error processing URL http://www.ldisd.net//about-us/directory: HTTPSConnectionPool(host='www.ldisd.net', port=443): Read timed out. (read timeout=5)
2024-07-02 13:00:01,464:ERROR:Error processing URL http://www.ectorcountyisd.org//departments/504dyslexia/directory: HTTPSConnectionPool(host='www.ectorcountyisd.org', port=443): Read timed out. (read timeout=5)
2024-07-02 13:00:07,676:ERROR:Error processing URL http://www.unionps.org//directory: HTTPSConnectionPool(host='www.unionps.org', port=443): Read timed out. (read timeout=5)
2024-07-02 13:00:17,338:ERROR:Error processing URL http://www.fcps.net//leaders-support/directory: HTTPSConnectionPool(host='www.fcps.net', port=443): Read timed out. (read timeout=5)
2024-07-02 13:00:26,275:ERROR:Error processing URL http://www.gsd200.org//about-us/schools-directory: HTTPSConnectionPool(host='www.gsd200.org', port=443): Read timed out. (read timeout=5)
2024-07-02 13:00:26,578:ERROR:Error processing URL http://www.kleinisd.net//directory: HTTPSConnectionPool(host='www.kleinisd.net', port=443): Read timed out. (read timeout=5)
2024-07-02 13:00:26,665:ERROR:Error processing URL http://www.greeleyschools.org//our-district/school-directory: HTTPSConnectionPool(host='www.greeleyschools.org', port=443): Read timed out. (read timeout=5)
2024-07-02 13:00:27,658:ERROR:Error processing URL https://apps.wesdschools.org/employeedirectory: HTTPSConnectionPool(host='apps.wesdschools.org', port=443): Max retries exceeded with url: /employeedirectory (Caused by SSLError(SSLError(1, '[SSL: DH_KEY_TOO_SMALL] dh key too small (_ssl.c:1000)')))
2024-07-02 13:00:28,238:ERROR:Error processing URL http://www.olebrook.org/contacts.html: ('Connection aborted.', RemoteDisconnected('Remote end closed connection without response'))
2024-07-02 13:00:34,421:ERROR:Error processing URL http://www.millard.k12.ut.us/our-schools: HTTPSConnectionPool(host='www.millardk12.org', port=443): Read timed out. (read timeout=5)
