2024-07-11 13:03:29,562:ERROR:Error clicking next button at https://adams.holliston.k12.ma.us/directory: list index out of range
2024-07-11 13:03:34,517:ERROR:Error clicking next button at http://lhs.lowell.k12.ma.us/directory: Message: 
Stacktrace:
0   chromedriver                        0x0000000104e42a80 chromedriver + 4385408
1   chromedriver                        0x0000000104e3b38c chromedriver + 4354956
2   chromedriver                        0x0000000104a58b0c chromedriver + 281356
3   chromedriver                        0x0000000104a9b2f8 chromedriver + 553720
4   chromedriver                        0x0000000104ad3d24 chromedriver + 785700
5   chromedriver                        0x0000000104a8feec chromedriver + 507628
6   chromedriver                        0x0000000104a908c4 chromedriver + 510148
7   chromedriver                        0x0000000104e0a43c chromedriver + 4154428
8   chromedriver                        0x0000000104e0eea0 chromedriver + 4173472
9   chromedriver                        0x0000000104defff8 chromedriver + 4046840
10  chromedriver                        0x0000000104e0f78c chromedriver + 4175756
11  chromedriver                        0x0000000104de2fb8 chromedriver + 3993528
12  chromedriver                        0x0000000104e2d21c chromedriver + 4297244
13  chromedriver                        0x0000000104e2d398 chromedriver + 4297624
14  chromedriver                        0x0000000104e3af84 chromedriver + 4353924
15  libsystem_pthread.dylib             0x000000018113e034 _pthread_start + 136
16  libsystem_pthread.dylib             0x0000000181138e3c thread_start + 8

2024-07-11 13:03:39,117:ERROR:Error clicking next button at http://jces.psusd.us/directory: Message: 
Stacktrace:
0   chromedriver                        0x0000000104e42a80 chromedriver + 4385408
1   chromedriver                        0x0000000104e3b38c chromedriver + 4354956
2   chromedriver                        0x0000000104a58b0c chromedriver + 281356
3   chromedriver                        0x0000000104a9b2f8 chromedriver + 553720
4   chromedriver                        0x0000000104ad3d24 chromedriver + 785700
5   chromedriver                        0x0000000104a8feec chromedriver + 507628
6   chromedriver                        0x0000000104a908c4 chromedriver + 510148
7   chromedriver                        0x0000000104e0a43c chromedriver + 4154428
8   chromedriver                        0x0000000104e0eea0 chromedriver + 4173472
9   chromedriver                        0x0000000104defff8 chromedriver + 4046840
10  chromedriver                        0x0000000104e0f78c chromedriver + 4175756
11  chromedriver                        0x0000000104de2fb8 chromedriver + 3993528
12  chromedriver                        0x0000000104e2d21c chromedriver + 4297244
13  chromedriver                        0x0000000104e2d398 chromedriver + 4297624
14  chromedriver                        0x0000000104e3af84 chromedriver + 4353924
15  libsystem_pthread.dylib             0x000000018113e034 _pthread_start + 136
16  libsystem_pthread.dylib             0x0000000181138e3c thread_start + 8

2024-07-11 13:03:43,305:ERROR:Error clicking next button at http://kfes.psusd.us/directory: Message: 
Stacktrace:
0   chromedriver                        0x0000000104e42a80 chromedriver + 4385408
1   chromedriver                        0x0000000104e3b38c chromedriver + 4354956
2   chromedriver                        0x0000000104a58b0c chromedriver + 281356
3   chromedriver                        0x0000000104a9b2f8 chromedriver + 553720
4   chromedriver                        0x0000000104ad3d24 chromedriver + 785700
5   chromedriver                        0x0000000104a8feec chromedriver + 507628
6   chromedriver                        0x0000000104a908c4 chromedriver + 510148
7   chromedriver                        0x0000000104e0a43c chromedriver + 4154428
8   chromedriver                        0x0000000104e0eea0 chromedriver + 4173472
9   chromedriver                        0x0000000104defff8 chromedriver + 4046840
10  chromedriver                        0x0000000104e0f78c chromedriver + 4175756
11  chromedriver                        0x0000000104de2fb8 chromedriver + 3993528
12  chromedriver                        0x0000000104e2d21c chromedriver + 4297244
13  chromedriver                        0x0000000104e2d398 chromedriver + 4297624
14  chromedriver                        0x0000000104e3af84 chromedriver + 4353924
15  libsystem_pthread.dylib             0x000000018113e034 _pthread_start + 136
16  libsystem_pthread.dylib             0x0000000181138e3c thread_start + 8

2024-07-11 13:03:49,419:ERROR:Error clicking next button at https://mhs.beaver.k12.ut.us/directory: Message: 
Stacktrace:
0   chromedriver                        0x0000000104e42a80 chromedriver + 4385408
1   chromedriver                        0x0000000104e3b38c chromedriver + 4354956
2   chromedriver                        0x0000000104a58b0c chromedriver + 281356
3   chromedriver                        0x0000000104a9b2f8 chromedriver + 553720
4   chromedriver                        0x0000000104ad3d24 chromedriver + 785700
5   chromedriver                        0x0000000104a8feec chromedriver + 507628
6   chromedriver                        0x0000000104a908c4 chromedriver + 510148
7   chromedriver                        0x0000000104e0a43c chromedriver + 4154428
8   chromedriver                        0x0000000104e0eea0 chromedriver + 4173472
9   chromedriver                        0x0000000104defff8 chromedriver + 4046840
10  chromedriver                        0x0000000104e0f78c chromedriver + 4175756
11  chromedriver                        0x0000000104de2fb8 chromedriver + 3993528
12  chromedriver                        0x0000000104e2d21c chromedriver + 4297244
13  chromedriver                        0x0000000104e2d398 chromedriver + 4297624
14  chromedriver                        0x0000000104e3af84 chromedriver + 4353924
15  libsystem_pthread.dylib             0x000000018113e034 _pthread_start + 136
16  libsystem_pthread.dylib             0x0000000181138e3c thread_start + 8

2024-07-11 13:03:54,918:ERROR:Error clicking next button at http://vdmes.psusd.us/directory: Message: 
Stacktrace:
0   chromedriver                        0x0000000104e42a80 chromedriver + 4385408
1   chromedriver                        0x0000000104e3b38c chromedriver + 4354956
2   chromedriver                        0x0000000104a58b0c chromedriver + 281356
3   chromedriver                        0x0000000104a9b2f8 chromedriver + 553720
4   chromedriver                        0x0000000104ad3d24 chromedriver + 785700
5   chromedriver                        0x0000000104a8feec chromedriver + 507628
6   chromedriver                        0x0000000104a908c4 chromedriver + 510148
7   chromedriver                        0x0000000104e0a43c chromedriver + 4154428
8   chromedriver                        0x0000000104e0eea0 chromedriver + 4173472
9   chromedriver                        0x0000000104defff8 chromedriver + 4046840
10  chromedriver                        0x0000000104e0f78c chromedriver + 4175756
11  chromedriver                        0x0000000104de2fb8 chromedriver + 3993528
12  chromedriver                        0x0000000104e2d21c chromedriver + 4297244
13  chromedriver                        0x0000000104e2d398 chromedriver + 4297624
14  chromedriver                        0x0000000104e3af84 chromedriver + 4353924
15  libsystem_pthread.dylib             0x000000018113e034 _pthread_start + 136
16  libsystem_pthread.dylib             0x0000000181138e3c thread_start + 8

2024-07-11 13:03:58,883:ERROR:Error clicking next button at http://mail.google.com/a/attala.k12.ms.us/directory: Message: 
Stacktrace:
0   chromedriver                        0x0000000104e42a80 chromedriver + 4385408
1   chromedriver                        0x0000000104e3b38c chromedriver + 4354956
2   chromedriver                        0x0000000104a58b0c chromedriver + 281356
3   chromedriver                        0x0000000104a9b2f8 chromedriver + 553720
4   chromedriver                        0x0000000104ad3d24 chromedriver + 785700
5   chromedriver                        0x0000000104a8feec chromedriver + 507628
6   chromedriver                        0x0000000104a908c4 chromedriver + 510148
7   chromedriver                        0x0000000104e0a43c chromedriver + 4154428
8   chromedriver                        0x0000000104e0eea0 chromedriver + 4173472
9   chromedriver                        0x0000000104defff8 chromedriver + 4046840
10  chromedriver                        0x0000000104e0f78c chromedriver + 4175756
11  chromedriver                        0x0000000104de2fb8 chromedriver + 3993528
12  chromedriver                        0x0000000104e2d21c chromedriver + 4297244
13  chromedriver                        0x0000000104e2d398 chromedriver + 4297624
14  chromedriver                        0x0000000104e3af84 chromedriver + 4353924
15  libsystem_pthread.dylib             0x000000018113e034 _pthread_start + 136
16  libsystem_pthread.dylib             0x0000000181138e3c thread_start + 8

2024-07-11 13:04:04,286:ERROR:Error clicking next button at https://wces.washington.kyschools.us/directory: Message: 
Stacktrace:
0   chromedriver                        0x0000000104e42a80 chromedriver + 4385408
1   chromedriver                        0x0000000104e3b38c chromedriver + 4354956
2   chromedriver                        0x0000000104a58b0c chromedriver + 281356
3   chromedriver                        0x0000000104a9b2f8 chromedriver + 553720
4   chromedriver                        0x0000000104ad3d24 chromedriver + 785700
5   chromedriver                        0x0000000104a8feec chromedriver + 507628
6   chromedriver                        0x0000000104a908c4 chromedriver + 510148
7   chromedriver                        0x0000000104e0a43c chromedriver + 4154428
8   chromedriver                        0x0000000104e0eea0 chromedriver + 4173472
9   chromedriver                        0x0000000104defff8 chromedriver + 4046840
10  chromedriver                        0x0000000104e0f78c chromedriver + 4175756
11  chromedriver                        0x0000000104de2fb8 chromedriver + 3993528
12  chromedriver                        0x0000000104e2d21c chromedriver + 4297244
13  chromedriver                        0x0000000104e2d398 chromedriver + 4297624
14  chromedriver                        0x0000000104e3af84 chromedriver + 4353924
15  libsystem_pthread.dylib             0x000000018113e034 _pthread_start + 136
16  libsystem_pthread.dylib             0x0000000181138e3c thread_start + 8

2024-07-11 13:04:35,832:ERROR:Error clicking next button at https://high.mboro.k12.ky.us/directory: Message: 
Stacktrace:
0   chromedriver                        0x0000000104e42a80 chromedriver + 4385408
1   chromedriver                        0x0000000104e3b38c chromedriver + 4354956
2   chromedriver                        0x0000000104a58b0c chromedriver + 281356
3   chromedriver                        0x0000000104a9b2f8 chromedriver + 553720
4   chromedriver                        0x0000000104ad3d24 chromedriver + 785700
5   chromedriver                        0x0000000104a8feec chromedriver + 507628
6   chromedriver                        0x0000000104a908c4 chromedriver + 510148
7   chromedriver                        0x0000000104e0a43c chromedriver + 4154428
8   chromedriver                        0x0000000104e0eea0 chromedriver + 4173472
9   chromedriver                        0x0000000104defff8 chromedriver + 4046840
10  chromedriver                        0x0000000104e0f78c chromedriver + 4175756
11  chromedriver                        0x0000000104de2fb8 chromedriver + 3993528
12  chromedriver                        0x0000000104e2d21c chromedriver + 4297244
13  chromedriver                        0x0000000104e2d398 chromedriver + 4297624
14  chromedriver                        0x0000000104e3af84 chromedriver + 4353924
15  libsystem_pthread.dylib             0x000000018113e034 _pthread_start + 136
16  libsystem_pthread.dylib             0x0000000181138e3c thread_start + 8

2024-07-11 13:04:39,850:ERROR:Error clicking next button at http://tbpes.psusd.us/directory: Message: 
Stacktrace:
0   chromedriver                        0x0000000104e42a80 chromedriver + 4385408
1   chromedriver                        0x0000000104e3b38c chromedriver + 4354956
2   chromedriver                        0x0000000104a58b0c chromedriver + 281356
3   chromedriver                        0x0000000104a9b2f8 chromedriver + 553720
4   chromedriver                        0x0000000104ad3d24 chromedriver + 785700
5   chromedriver                        0x0000000104a8feec chromedriver + 507628
6   chromedriver                        0x0000000104a908c4 chromedriver + 510148
7   chromedriver                        0x0000000104e0a43c chromedriver + 4154428
8   chromedriver                        0x0000000104e0eea0 chromedriver + 4173472
9   chromedriver                        0x0000000104defff8 chromedriver + 4046840
10  chromedriver                        0x0000000104e0f78c chromedriver + 4175756
11  chromedriver                        0x0000000104de2fb8 chromedriver + 3993528
12  chromedriver                        0x0000000104e2d21c chromedriver + 4297244
13  chromedriver                        0x0000000104e2d398 chromedriver + 4297624
14  chromedriver                        0x0000000104e3af84 chromedriver + 4353924
15  libsystem_pthread.dylib             0x000000018113e034 _pthread_start + 136
16  libsystem_pthread.dylib             0x0000000181138e3c thread_start + 8

2024-07-11 13:04:44,515:ERROR:Error clicking next button at https://mms.monticello.k12.mn.us/directory: list index out of range
2024-07-11 13:04:48,383:ERROR:Error clicking next button at http://cyes.psusd.us/directory: Message: 
Stacktrace:
0   chromedriver                        0x0000000104e42a80 chromedriver + 4385408
1   chromedriver                        0x0000000104e3b38c chromedriver + 4354956
2   chromedriver                        0x0000000104a58b0c chromedriver + 281356
3   chromedriver                        0x0000000104a9b2f8 chromedriver + 553720
4   chromedriver                        0x0000000104ad3d24 chromedriver + 785700
5   chromedriver                        0x0000000104a8feec chromedriver + 507628
6   chromedriver                        0x0000000104a908c4 chromedriver + 510148
7   chromedriver                        0x0000000104e0a43c chromedriver + 4154428
8   chromedriver                        0x0000000104e0eea0 chromedriver + 4173472
9   chromedriver                        0x0000000104defff8 chromedriver + 4046840
10  chromedriver                        0x0000000104e0f78c chromedriver + 4175756
11  chromedriver                        0x0000000104de2fb8 chromedriver + 3993528
12  chromedriver                        0x0000000104e2d21c chromedriver + 4297244
13  chromedriver                        0x0000000104e2d398 chromedriver + 4297624
14  chromedriver                        0x0000000104e3af84 chromedriver + 4353924
15  libsystem_pthread.dylib             0x000000018113e034 _pthread_start + 136
16  libsystem_pthread.dylib             0x0000000181138e3c thread_start + 8

2024-07-11 13:04:53,390:ERROR:Error clicking next button at http://ncms.psusd.us/directory: Message: 
Stacktrace:
0   chromedriver                        0x0000000104e42a80 chromedriver + 4385408
1   chromedriver                        0x0000000104e3b38c chromedriver + 4354956
2   chromedriver                        0x0000000104a58b0c chromedriver + 281356
3   chromedriver                        0x0000000104a9b2f8 chromedriver + 553720
4   chromedriver                        0x0000000104ad3d24 chromedriver + 785700
5   chromedriver                        0x0000000104a8feec chromedriver + 507628
6   chromedriver                        0x0000000104a908c4 chromedriver + 510148
7   chromedriver                        0x0000000104e0a43c chromedriver + 4154428
8   chromedriver                        0x0000000104e0eea0 chromedriver + 4173472
9   chromedriver                        0x0000000104defff8 chromedriver + 4046840
10  chromedriver                        0x0000000104e0f78c chromedriver + 4175756
11  chromedriver                        0x0000000104de2fb8 chromedriver + 3993528
12  chromedriver                        0x0000000104e2d21c chromedriver + 4297244
13  chromedriver                        0x0000000104e2d398 chromedriver + 4297624
14  chromedriver                        0x0000000104e3af84 chromedriver + 4353924
15  libsystem_pthread.dylib             0x000000018113e034 _pthread_start + 136
16  libsystem_pthread.dylib             0x0000000181138e3c thread_start + 8

2024-07-11 13:04:57,241:ERROR:Error clicking next button at http://rcms.psusd.us/directory: Message: 
Stacktrace:
0   chromedriver                        0x0000000104e42a80 chromedriver + 4385408
1   chromedriver                        0x0000000104e3b38c chromedriver + 4354956
2   chromedriver                        0x0000000104a58b0c chromedriver + 281356
3   chromedriver                        0x0000000104a9b2f8 chromedriver + 553720
4   chromedriver                        0x0000000104ad3d24 chromedriver + 785700
5   chromedriver                        0x0000000104a8feec chromedriver + 507628
6   chromedriver                        0x0000000104a908c4 chromedriver + 510148
7   chromedriver                        0x0000000104e0a43c chromedriver + 4154428
8   chromedriver                        0x0000000104e0eea0 chromedriver + 4173472
9   chromedriver                        0x0000000104defff8 chromedriver + 4046840
10  chromedriver                        0x0000000104e0f78c chromedriver + 4175756
11  chromedriver                        0x0000000104de2fb8 chromedriver + 3993528
12  chromedriver                        0x0000000104e2d21c chromedriver + 4297244
13  chromedriver                        0x0000000104e2d398 chromedriver + 4297624
14  chromedriver                        0x0000000104e3af84 chromedriver + 4353924
15  libsystem_pthread.dylib             0x000000018113e034 _pthread_start + 136
16  libsystem_pthread.dylib             0x0000000181138e3c thread_start + 8

2024-07-11 13:05:01,258:ERROR:Error clicking next button at http://bves.psusd.us/directory: Message: 
Stacktrace:
0   chromedriver                        0x0000000104e42a80 chromedriver + 4385408
1   chromedriver                        0x0000000104e3b38c chromedriver + 4354956
2   chromedriver                        0x0000000104a58b0c chromedriver + 281356
3   chromedriver                        0x0000000104a9b2f8 chromedriver + 553720
4   chromedriver                        0x0000000104ad3d24 chromedriver + 785700
5   chromedriver                        0x0000000104a8feec chromedriver + 507628
6   chromedriver                        0x0000000104a908c4 chromedriver + 510148
7   chromedriver                        0x0000000104e0a43c chromedriver + 4154428
8   chromedriver                        0x0000000104e0eea0 chromedriver + 4173472
9   chromedriver                        0x0000000104defff8 chromedriver + 4046840
10  chromedriver                        0x0000000104e0f78c chromedriver + 4175756
11  chromedriver                        0x0000000104de2fb8 chromedriver + 3993528
12  chromedriver                        0x0000000104e2d21c chromedriver + 4297244
13  chromedriver                        0x0000000104e2d398 chromedriver + 4297624
14  chromedriver                        0x0000000104e3af84 chromedriver + 4353924
15  libsystem_pthread.dylib             0x000000018113e034 _pthread_start + 136
16  libsystem_pthread.dylib             0x0000000181138e3c thread_start + 8

2024-07-11 13:05:06,278:ERROR:Error clicking next button at http://dsms.psusd.us/directory: Message: 
Stacktrace:
0   chromedriver                        0x0000000104e42a80 chromedriver + 4385408
1   chromedriver                        0x0000000104e3b38c chromedriver + 4354956
2   chromedriver                        0x0000000104a58b0c chromedriver + 281356
3   chromedriver                        0x0000000104a9b2f8 chromedriver + 553720
4   chromedriver                        0x0000000104ad3d24 chromedriver + 785700
5   chromedriver                        0x0000000104a8feec chromedriver + 507628
6   chromedriver                        0x0000000104a908c4 chromedriver + 510148
7   chromedriver                        0x0000000104e0a43c chromedriver + 4154428
8   chromedriver                        0x0000000104e0eea0 chromedriver + 4173472
9   chromedriver                        0x0000000104defff8 chromedriver + 4046840
10  chromedriver                        0x0000000104e0f78c chromedriver + 4175756
11  chromedriver                        0x0000000104de2fb8 chromedriver + 3993528
12  chromedriver                        0x0000000104e2d21c chromedriver + 4297244
13  chromedriver                        0x0000000104e2d398 chromedriver + 4297624
14  chromedriver                        0x0000000104e3af84 chromedriver + 4353924
15  libsystem_pthread.dylib             0x000000018113e034 _pthread_start + 136
16  libsystem_pthread.dylib             0x0000000181138e3c thread_start + 8

2024-07-11 13:05:11,991:ERROR:Error clicking next button at https://nmms.nm.k12.in.us/directory: Message: 
Stacktrace:
0   chromedriver                        0x0000000104e42a80 chromedriver + 4385408
1   chromedriver                        0x0000000104e3b38c chromedriver + 4354956
2   chromedriver                        0x0000000104a58b0c chromedriver + 281356
3   chromedriver                        0x0000000104a9b2f8 chromedriver + 553720
4   chromedriver                        0x0000000104ad3d24 chromedriver + 785700
5   chromedriver                        0x0000000104a8feec chromedriver + 507628
6   chromedriver                        0x0000000104a908c4 chromedriver + 510148
7   chromedriver                        0x0000000104e0a43c chromedriver + 4154428
8   chromedriver                        0x0000000104e0eea0 chromedriver + 4173472
9   chromedriver                        0x0000000104defff8 chromedriver + 4046840
10  chromedriver                        0x0000000104e0f78c chromedriver + 4175756
11  chromedriver                        0x0000000104de2fb8 chromedriver + 3993528
12  chromedriver                        0x0000000104e2d21c chromedriver + 4297244
13  chromedriver                        0x0000000104e2d398 chromedriver + 4297624
14  chromedriver                        0x0000000104e3af84 chromedriver + 4353924
15  libsystem_pthread.dylib             0x000000018113e034 _pthread_start + 136
16  libsystem_pthread.dylib             0x0000000181138e3c thread_start + 8

2024-07-11 13:05:17,511:ERROR:Error clicking next button at https://phes.nm.k12.in.us/directory: Message: 
Stacktrace:
0   chromedriver                        0x0000000104e42a80 chromedriver + 4385408
1   chromedriver                        0x0000000104e3b38c chromedriver + 4354956
2   chromedriver                        0x0000000104a58b0c chromedriver + 281356
3   chromedriver                        0x0000000104a9b2f8 chromedriver + 553720
4   chromedriver                        0x0000000104ad3d24 chromedriver + 785700
5   chromedriver                        0x0000000104a8feec chromedriver + 507628
6   chromedriver                        0x0000000104a908c4 chromedriver + 510148
7   chromedriver                        0x0000000104e0a43c chromedriver + 4154428
8   chromedriver                        0x0000000104e0eea0 chromedriver + 4173472
9   chromedriver                        0x0000000104defff8 chromedriver + 4046840
10  chromedriver                        0x0000000104e0f78c chromedriver + 4175756
11  chromedriver                        0x0000000104de2fb8 chromedriver + 3993528
12  chromedriver                        0x0000000104e2d21c chromedriver + 4297244
13  chromedriver                        0x0000000104e2d398 chromedriver + 4297624
14  chromedriver                        0x0000000104e3af84 chromedriver + 4353924
15  libsystem_pthread.dylib             0x000000018113e034 _pthread_start + 136
16  libsystem_pthread.dylib             0x0000000181138e3c thread_start + 8

2024-07-11 13:05:19,937:ERROR:Error clicking next button at https://mhs.monticello.k12.mn.us/directory: list index out of range
2024-07-11 13:05:23,889:ERROR:Error clicking next button at http://bwes.psusd.us/directory: Message: 
Stacktrace:
0   chromedriver                        0x0000000104e42a80 chromedriver + 4385408
1   chromedriver                        0x0000000104e3b38c chromedriver + 4354956
2   chromedriver                        0x0000000104a58b0c chromedriver + 281356
3   chromedriver                        0x0000000104a9b2f8 chromedriver + 553720
4   chromedriver                        0x0000000104ad3d24 chromedriver + 785700
5   chromedriver                        0x0000000104a8feec chromedriver + 507628
6   chromedriver                        0x0000000104a908c4 chromedriver + 510148
7   chromedriver                        0x0000000104e0a43c chromedriver + 4154428
8   chromedriver                        0x0000000104e0eea0 chromedriver + 4173472
9   chromedriver                        0x0000000104defff8 chromedriver + 4046840
10  chromedriver                        0x0000000104e0f78c chromedriver + 4175756
11  chromedriver                        0x0000000104de2fb8 chromedriver + 3993528
12  chromedriver                        0x0000000104e2d21c chromedriver + 4297244
13  chromedriver                        0x0000000104e2d398 chromedriver + 4297624
14  chromedriver                        0x0000000104e3af84 chromedriver + 4353924
15  libsystem_pthread.dylib             0x000000018113e034 _pthread_start + 136
16  libsystem_pthread.dylib             0x0000000181138e3c thread_start + 8

2024-07-11 13:05:27,664:ERROR:Error clicking next button at http://sses.psusd.us/directory: Message: 
Stacktrace:
0   chromedriver                        0x0000000104e42a80 chromedriver + 4385408
1   chromedriver                        0x0000000104e3b38c chromedriver + 4354956
2   chromedriver                        0x0000000104a58b0c chromedriver + 281356
3   chromedriver                        0x0000000104a9b2f8 chromedriver + 553720
4   chromedriver                        0x0000000104ad3d24 chromedriver + 785700
5   chromedriver                        0x0000000104a8feec chromedriver + 507628
6   chromedriver                        0x0000000104a908c4 chromedriver + 510148
7   chromedriver                        0x0000000104e0a43c chromedriver + 4154428
8   chromedriver                        0x0000000104e0eea0 chromedriver + 4173472
9   chromedriver                        0x0000000104defff8 chromedriver + 4046840
10  chromedriver                        0x0000000104e0f78c chromedriver + 4175756
11  chromedriver                        0x0000000104de2fb8 chromedriver + 3993528
12  chromedriver                        0x0000000104e2d21c chromedriver + 4297244
13  chromedriver                        0x0000000104e2d398 chromedriver + 4297624
14  chromedriver                        0x0000000104e3af84 chromedriver + 4353924
15  libsystem_pthread.dylib             0x000000018113e034 _pthread_start + 136
16  libsystem_pthread.dylib             0x0000000181138e3c thread_start + 8

2024-07-11 13:05:33,064:ERROR:Error clicking next button at https://lbses.nm.k12.in.us/directory: Message: 
Stacktrace:
0   chromedriver                        0x0000000104e42a80 chromedriver + 4385408
1   chromedriver                        0x0000000104e3b38c chromedriver + 4354956
2   chromedriver                        0x0000000104a58b0c chromedriver + 281356
3   chromedriver                        0x0000000104a9b2f8 chromedriver + 553720
4   chromedriver                        0x0000000104ad3d24 chromedriver + 785700
5   chromedriver                        0x0000000104a8feec chromedriver + 507628
6   chromedriver                        0x0000000104a908c4 chromedriver + 510148
7   chromedriver                        0x0000000104e0a43c chromedriver + 4154428
8   chromedriver                        0x0000000104e0eea0 chromedriver + 4173472
9   chromedriver                        0x0000000104defff8 chromedriver + 4046840
10  chromedriver                        0x0000000104e0f78c chromedriver + 4175756
11  chromedriver                        0x0000000104de2fb8 chromedriver + 3993528
12  chromedriver                        0x0000000104e2d21c chromedriver + 4297244
13  chromedriver                        0x0000000104e2d398 chromedriver + 4297624
14  chromedriver                        0x0000000104e3af84 chromedriver + 4353924
15  libsystem_pthread.dylib             0x000000018113e034 _pthread_start + 136
16  libsystem_pthread.dylib             0x0000000181138e3c thread_start + 8

2024-07-11 13:05:37,490:ERROR:Error clicking next button at http://cces.psusd.us/directory: Message: 
Stacktrace:
0   chromedriver                        0x0000000104e42a80 chromedriver + 4385408
1   chromedriver                        0x0000000104e3b38c chromedriver + 4354956
2   chromedriver                        0x0000000104a58b0c chromedriver + 281356
3   chromedriver                        0x0000000104a9b2f8 chromedriver + 553720
4   chromedriver                        0x0000000104ad3d24 chromedriver + 785700
5   chromedriver                        0x0000000104a8feec chromedriver + 507628
6   chromedriver                        0x0000000104a908c4 chromedriver + 510148
7   chromedriver                        0x0000000104e0a43c chromedriver + 4154428
8   chromedriver                        0x0000000104e0eea0 chromedriver + 4173472
9   chromedriver                        0x0000000104defff8 chromedriver + 4046840
10  chromedriver                        0x0000000104e0f78c chromedriver + 4175756
11  chromedriver                        0x0000000104de2fb8 chromedriver + 3993528
12  chromedriver                        0x0000000104e2d21c chromedriver + 4297244
13  chromedriver                        0x0000000104e2d398 chromedriver + 4297624
14  chromedriver                        0x0000000104e3af84 chromedriver + 4353924
15  libsystem_pthread.dylib             0x000000018113e034 _pthread_start + 136
16  libsystem_pthread.dylib             0x0000000181138e3c thread_start + 8

2024-07-11 13:05:42,373:ERROR:Error clicking next button at https://hewes.tustin.k12.ca.us/directory: Message: 
Stacktrace:
0   chromedriver                        0x0000000104e42a80 chromedriver + 4385408
1   chromedriver                        0x0000000104e3b38c chromedriver + 4354956
2   chromedriver                        0x0000000104a58b0c chromedriver + 281356
3   chromedriver                        0x0000000104a9b2f8 chromedriver + 553720
4   chromedriver                        0x0000000104ad3d24 chromedriver + 785700
5   chromedriver                        0x0000000104a8feec chromedriver + 507628
6   chromedriver                        0x0000000104a908c4 chromedriver + 510148
7   chromedriver                        0x0000000104e0a43c chromedriver + 4154428
8   chromedriver                        0x0000000104e0eea0 chromedriver + 4173472
9   chromedriver                        0x0000000104defff8 chromedriver + 4046840
10  chromedriver                        0x0000000104e0f78c chromedriver + 4175756
11  chromedriver                        0x0000000104de2fb8 chromedriver + 3993528
12  chromedriver                        0x0000000104e2d21c chromedriver + 4297244
13  chromedriver                        0x0000000104e2d398 chromedriver + 4297624
14  chromedriver                        0x0000000104e3af84 chromedriver + 4353924
15  libsystem_pthread.dylib             0x000000018113e034 _pthread_start + 136
16  libsystem_pthread.dylib             0x0000000181138e3c thread_start + 8

2024-07-11 13:05:47,263:ERROR:Error clicking next button at http://www.etsd.k12.ms.us/directory: Message: 
Stacktrace:
0   chromedriver                        0x0000000104e42a80 chromedriver + 4385408
1   chromedriver                        0x0000000104e3b38c chromedriver + 4354956
2   chromedriver                        0x0000000104a58b0c chromedriver + 281356
3   chromedriver                        0x0000000104a9b2f8 chromedriver + 553720
4   chromedriver                        0x0000000104ad3d24 chromedriver + 785700
5   chromedriver                        0x0000000104a8feec chromedriver + 507628
6   chromedriver                        0x0000000104a908c4 chromedriver + 510148
7   chromedriver                        0x0000000104e0a43c chromedriver + 4154428
8   chromedriver                        0x0000000104e0eea0 chromedriver + 4173472
9   chromedriver                        0x0000000104defff8 chromedriver + 4046840
10  chromedriver                        0x0000000104e0f78c chromedriver + 4175756
11  chromedriver                        0x0000000104de2fb8 chromedriver + 3993528
12  chromedriver                        0x0000000104e2d21c chromedriver + 4297244
13  chromedriver                        0x0000000104e2d398 chromedriver + 4297624
14  chromedriver                        0x0000000104e3af84 chromedriver + 4353924
15  libsystem_pthread.dylib             0x000000018113e034 _pthread_start + 136
16  libsystem_pthread.dylib             0x0000000181138e3c thread_start + 8

2024-07-11 13:05:53,501:ERROR:Error clicking next button at https://nmhs.nm.k12.in.us/directory: Message: 
Stacktrace:
0   chromedriver                        0x0000000104e42a80 chromedriver + 4385408
1   chromedriver                        0x0000000104e3b38c chromedriver + 4354956
2   chromedriver                        0x0000000104a58b0c chromedriver + 281356
3   chromedriver                        0x0000000104a9b2f8 chromedriver + 553720
4   chromedriver                        0x0000000104ad3d24 chromedriver + 785700
5   chromedriver                        0x0000000104a8feec chromedriver + 507628
6   chromedriver                        0x0000000104a908c4 chromedriver + 510148
7   chromedriver                        0x0000000104e0a43c chromedriver + 4154428
8   chromedriver                        0x0000000104e0eea0 chromedriver + 4173472
9   chromedriver                        0x0000000104defff8 chromedriver + 4046840
10  chromedriver                        0x0000000104e0f78c chromedriver + 4175756
11  chromedriver                        0x0000000104de2fb8 chromedriver + 3993528
12  chromedriver                        0x0000000104e2d21c chromedriver + 4297244
13  chromedriver                        0x0000000104e2d398 chromedriver + 4297624
14  chromedriver                        0x0000000104e3af84 chromedriver + 4353924
15  libsystem_pthread.dylib             0x000000018113e034 _pthread_start + 136
16  libsystem_pthread.dylib             0x0000000181138e3c thread_start + 8

2024-07-11 13:06:00,364:ERROR:Error clicking next button at http://aces.psusd.us/directory: Message: 
Stacktrace:
0   chromedriver                        0x0000000104e42a80 chromedriver + 4385408
1   chromedriver                        0x0000000104e3b38c chromedriver + 4354956
2   chromedriver                        0x0000000104a58b0c chromedriver + 281356
3   chromedriver                        0x0000000104a9b2f8 chromedriver + 553720
4   chromedriver                        0x0000000104ad3d24 chromedriver + 785700
5   chromedriver                        0x0000000104a8feec chromedriver + 507628
6   chromedriver                        0x0000000104a908c4 chromedriver + 510148
7   chromedriver                        0x0000000104e0a43c chromedriver + 4154428
8   chromedriver                        0x0000000104e0eea0 chromedriver + 4173472
9   chromedriver                        0x0000000104defff8 chromedriver + 4046840
10  chromedriver                        0x0000000104e0f78c chromedriver + 4175756
11  chromedriver                        0x0000000104de2fb8 chromedriver + 3993528
12  chromedriver                        0x0000000104e2d21c chromedriver + 4297244
13  chromedriver                        0x0000000104e2d398 chromedriver + 4297624
14  chromedriver                        0x0000000104e3af84 chromedriver + 4353924
15  libsystem_pthread.dylib             0x000000018113e034 _pthread_start + 136
16  libsystem_pthread.dylib             0x0000000181138e3c thread_start + 8

2024-07-11 13:06:05,090:ERROR:Error clicking next button at http://phms.psusd.us/directory: Message: 
Stacktrace:
0   chromedriver                        0x0000000104e42a80 chromedriver + 4385408
1   chromedriver                        0x0000000104e3b38c chromedriver + 4354956
2   chromedriver                        0x0000000104a58b0c chromedriver + 281356
3   chromedriver                        0x0000000104a9b2f8 chromedriver + 553720
4   chromedriver                        0x0000000104ad3d24 chromedriver + 785700
5   chromedriver                        0x0000000104a8feec chromedriver + 507628
6   chromedriver                        0x0000000104a908c4 chromedriver + 510148
7   chromedriver                        0x0000000104e0a43c chromedriver + 4154428
8   chromedriver                        0x0000000104e0eea0 chromedriver + 4173472
9   chromedriver                        0x0000000104defff8 chromedriver + 4046840
10  chromedriver                        0x0000000104e0f78c chromedriver + 4175756
11  chromedriver                        0x0000000104de2fb8 chromedriver + 3993528
12  chromedriver                        0x0000000104e2d21c chromedriver + 4297244
13  chromedriver                        0x0000000104e2d398 chromedriver + 4297624
14  chromedriver                        0x0000000104e3af84 chromedriver + 4353924
15  libsystem_pthread.dylib             0x000000018113e034 _pthread_start + 136
16  libsystem_pthread.dylib             0x0000000181138e3c thread_start + 8

2024-07-11 13:06:14,542:ERROR:Error clicking next button at https://bhs.breathitt.k12.ky.us/directory: list index out of range
2024-07-11 13:06:21,046:ERROR:Error clicking next button at http://rves.psusd.us/directory: Message: 
Stacktrace:
0   chromedriver                        0x0000000104e42a80 chromedriver + 4385408
1   chromedriver                        0x0000000104e3b38c chromedriver + 4354956
2   chromedriver                        0x0000000104a58b0c chromedriver + 281356
3   chromedriver                        0x0000000104a9b2f8 chromedriver + 553720
4   chromedriver                        0x0000000104ad3d24 chromedriver + 785700
5   chromedriver                        0x0000000104a8feec chromedriver + 507628
6   chromedriver                        0x0000000104a908c4 chromedriver + 510148
7   chromedriver                        0x0000000104e0a43c chromedriver + 4154428
8   chromedriver                        0x0000000104e0eea0 chromedriver + 4173472
9   chromedriver                        0x0000000104defff8 chromedriver + 4046840
10  chromedriver                        0x0000000104e0f78c chromedriver + 4175756
11  chromedriver                        0x0000000104de2fb8 chromedriver + 3993528
12  chromedriver                        0x0000000104e2d21c chromedriver + 4297244
13  chromedriver                        0x0000000104e2d398 chromedriver + 4297624
14  chromedriver                        0x0000000104e3af84 chromedriver + 4353924
15  libsystem_pthread.dylib             0x000000018113e034 _pthread_start + 136
16  libsystem_pthread.dylib             0x0000000181138e3c thread_start + 8

2024-07-11 13:06:26,328:ERROR:Error clicking next button at https://wcms.washington.kyschools.us/directory: Message: 
Stacktrace:
0   chromedriver                        0x0000000104e42a80 chromedriver + 4385408
1   chromedriver                        0x0000000104e3b38c chromedriver + 4354956
2   chromedriver                        0x0000000104a58b0c chromedriver + 281356
3   chromedriver                        0x0000000104a9b2f8 chromedriver + 553720
4   chromedriver                        0x0000000104ad3d24 chromedriver + 785700
5   chromedriver                        0x0000000104a8feec chromedriver + 507628
6   chromedriver                        0x0000000104a908c4 chromedriver + 510148
7   chromedriver                        0x0000000104e0a43c chromedriver + 4154428
8   chromedriver                        0x0000000104e0eea0 chromedriver + 4173472
9   chromedriver                        0x0000000104defff8 chromedriver + 4046840
10  chromedriver                        0x0000000104e0f78c chromedriver + 4175756
11  chromedriver                        0x0000000104de2fb8 chromedriver + 3993528
12  chromedriver                        0x0000000104e2d21c chromedriver + 4297244
13  chromedriver                        0x0000000104e2d398 chromedriver + 4297624
14  chromedriver                        0x0000000104e3af84 chromedriver + 4353924
15  libsystem_pthread.dylib             0x000000018113e034 _pthread_start + 136
16  libsystem_pthread.dylib             0x0000000181138e3c thread_start + 8

2024-07-11 13:06:31,231:ERROR:Error clicking next button at http://dhshs.psusd.us/directory: Message: 
Stacktrace:
0   chromedriver                        0x0000000104e42a80 chromedriver + 4385408
1   chromedriver                        0x0000000104e3b38c chromedriver + 4354956
2   chromedriver                        0x0000000104a58b0c chromedriver + 281356
3   chromedriver                        0x0000000104a9b2f8 chromedriver + 553720
4   chromedriver                        0x0000000104ad3d24 chromedriver + 785700
5   chromedriver                        0x0000000104a8feec chromedriver + 507628
6   chromedriver                        0x0000000104a908c4 chromedriver + 510148
7   chromedriver                        0x0000000104e0a43c chromedriver + 4154428
8   chromedriver                        0x0000000104e0eea0 chromedriver + 4173472
9   chromedriver                        0x0000000104defff8 chromedriver + 4046840
10  chromedriver                        0x0000000104e0f78c chromedriver + 4175756
11  chromedriver                        0x0000000104de2fb8 chromedriver + 3993528
12  chromedriver                        0x0000000104e2d21c chromedriver + 4297244
13  chromedriver                        0x0000000104e2d398 chromedriver + 4297624
14  chromedriver                        0x0000000104e3af84 chromedriver + 4353924
15  libsystem_pthread.dylib             0x000000018113e034 _pthread_start + 136
16  libsystem_pthread.dylib             0x0000000181138e3c thread_start + 8

2024-07-11 13:06:35,494:ERROR:Error clicking next button at http://dles.psusd.us/directory: Message: 
Stacktrace:
0   chromedriver                        0x0000000104e42a80 chromedriver + 4385408
1   chromedriver                        0x0000000104e3b38c chromedriver + 4354956
2   chromedriver                        0x0000000104a58b0c chromedriver + 281356
3   chromedriver                        0x0000000104a9b2f8 chromedriver + 553720
4   chromedriver                        0x0000000104ad3d24 chromedriver + 785700
5   chromedriver                        0x0000000104a8feec chromedriver + 507628
6   chromedriver                        0x0000000104a908c4 chromedriver + 510148
7   chromedriver                        0x0000000104e0a43c chromedriver + 4154428
8   chromedriver                        0x0000000104e0eea0 chromedriver + 4173472
9   chromedriver                        0x0000000104defff8 chromedriver + 4046840
10  chromedriver                        0x0000000104e0f78c chromedriver + 4175756
11  chromedriver                        0x0000000104de2fb8 chromedriver + 3993528
12  chromedriver                        0x0000000104e2d21c chromedriver + 4297244
13  chromedriver                        0x0000000104e2d398 chromedriver + 4297624
14  chromedriver                        0x0000000104e3af84 chromedriver + 4353924
15  libsystem_pthread.dylib             0x000000018113e034 _pthread_start + 136
16  libsystem_pthread.dylib             0x0000000181138e3c thread_start + 8

2024-07-11 13:06:40,480:ERROR:Error clicking next button at https://wchs.washington.kyschools.us/directory: Message: 
Stacktrace:
0   chromedriver                        0x0000000104e42a80 chromedriver + 4385408
1   chromedriver                        0x0000000104e3b38c chromedriver + 4354956
2   chromedriver                        0x0000000104a58b0c chromedriver + 281356
3   chromedriver                        0x0000000104a9b2f8 chromedriver + 553720
4   chromedriver                        0x0000000104ad3d24 chromedriver + 785700
5   chromedriver                        0x0000000104a8feec chromedriver + 507628
6   chromedriver                        0x0000000104a908c4 chromedriver + 510148
7   chromedriver                        0x0000000104e0a43c chromedriver + 4154428
8   chromedriver                        0x0000000104e0eea0 chromedriver + 4173472
9   chromedriver                        0x0000000104defff8 chromedriver + 4046840
10  chromedriver                        0x0000000104e0f78c chromedriver + 4175756
11  chromedriver                        0x0000000104de2fb8 chromedriver + 3993528
12  chromedriver                        0x0000000104e2d21c chromedriver + 4297244
13  chromedriver                        0x0000000104e2d398 chromedriver + 4297624
14  chromedriver                        0x0000000104e3af84 chromedriver + 4353924
15  libsystem_pthread.dylib             0x000000018113e034 _pthread_start + 136
16  libsystem_pthread.dylib             0x0000000181138e3c thread_start + 8

2024-07-11 13:06:44,714:ERROR:Error clicking next button at http://caes.psusd.us/directory: Message: 
Stacktrace:
0   chromedriver                        0x0000000104e42a80 chromedriver + 4385408
1   chromedriver                        0x0000000104e3b38c chromedriver + 4354956
2   chromedriver                        0x0000000104a58b0c chromedriver + 281356
3   chromedriver                        0x0000000104a9b2f8 chromedriver + 553720
4   chromedriver                        0x0000000104ad3d24 chromedriver + 785700
5   chromedriver                        0x0000000104a8feec chromedriver + 507628
6   chromedriver                        0x0000000104a908c4 chromedriver + 510148
7   chromedriver                        0x0000000104e0a43c chromedriver + 4154428
8   chromedriver                        0x0000000104e0eea0 chromedriver + 4173472
9   chromedriver                        0x0000000104defff8 chromedriver + 4046840
10  chromedriver                        0x0000000104e0f78c chromedriver + 4175756
11  chromedriver                        0x0000000104de2fb8 chromedriver + 3993528
12  chromedriver                        0x0000000104e2d21c chromedriver + 4297244
13  chromedriver                        0x0000000104e2d398 chromedriver + 4297624
14  chromedriver                        0x0000000104e3af84 chromedriver + 4353924
15  libsystem_pthread.dylib             0x000000018113e034 _pthread_start + 136
16  libsystem_pthread.dylib             0x0000000181138e3c thread_start + 8

2024-07-11 13:06:50,129:ERROR:Error clicking next button at https://sces.nm.k12.in.us/directory: Message: 
Stacktrace:
0   chromedriver                        0x0000000104e42a80 chromedriver + 4385408
1   chromedriver                        0x0000000104e3b38c chromedriver + 4354956
2   chromedriver                        0x0000000104a58b0c chromedriver + 281356
3   chromedriver                        0x0000000104a9b2f8 chromedriver + 553720
4   chromedriver                        0x0000000104ad3d24 chromedriver + 785700
5   chromedriver                        0x0000000104a8feec chromedriver + 507628
6   chromedriver                        0x0000000104a908c4 chromedriver + 510148
7   chromedriver                        0x0000000104e0a43c chromedriver + 4154428
8   chromedriver                        0x0000000104e0eea0 chromedriver + 4173472
9   chromedriver                        0x0000000104defff8 chromedriver + 4046840
10  chromedriver                        0x0000000104e0f78c chromedriver + 4175756
11  chromedriver                        0x0000000104de2fb8 chromedriver + 3993528
12  chromedriver                        0x0000000104e2d21c chromedriver + 4297244
13  chromedriver                        0x0000000104e2d398 chromedriver + 4297624
14  chromedriver                        0x0000000104e3af84 chromedriver + 4353924
15  libsystem_pthread.dylib             0x000000018113e034 _pthread_start + 136
16  libsystem_pthread.dylib             0x0000000181138e3c thread_start + 8

2024-07-11 13:06:54,305:ERROR:Error clicking next button at http://rmes.psusd.us/directory: Message: 
Stacktrace:
0   chromedriver                        0x0000000104e42a80 chromedriver + 4385408
1   chromedriver                        0x0000000104e3b38c chromedriver + 4354956
2   chromedriver                        0x0000000104a58b0c chromedriver + 281356
3   chromedriver                        0x0000000104a9b2f8 chromedriver + 553720
4   chromedriver                        0x0000000104ad3d24 chromedriver + 785700
5   chromedriver                        0x0000000104a8feec chromedriver + 507628
6   chromedriver                        0x0000000104a908c4 chromedriver + 510148
7   chromedriver                        0x0000000104e0a43c chromedriver + 4154428
8   chromedriver                        0x0000000104e0eea0 chromedriver + 4173472
9   chromedriver                        0x0000000104defff8 chromedriver + 4046840
10  chromedriver                        0x0000000104e0f78c chromedriver + 4175756
11  chromedriver                        0x0000000104de2fb8 chromedriver + 3993528
12  chromedriver                        0x0000000104e2d21c chromedriver + 4297244
13  chromedriver                        0x0000000104e2d398 chromedriver + 4297624
14  chromedriver                        0x0000000104e3af84 chromedriver + 4353924
15  libsystem_pthread.dylib             0x000000018113e034 _pthread_start + 136
16  libsystem_pthread.dylib             0x0000000181138e3c thread_start + 8

2024-07-11 13:07:00,417:ERROR:Error clicking next button at https://bhs.beaver.k12.ut.us/directory: Message: 
Stacktrace:
0   chromedriver                        0x0000000104e42a80 chromedriver + 4385408
1   chromedriver                        0x0000000104e3b38c chromedriver + 4354956
2   chromedriver                        0x0000000104a58b0c chromedriver + 281356
3   chromedriver                        0x0000000104a9b2f8 chromedriver + 553720
4   chromedriver                        0x0000000104ad3d24 chromedriver + 785700
5   chromedriver                        0x0000000104a8feec chromedriver + 507628
6   chromedriver                        0x0000000104a908c4 chromedriver + 510148
7   chromedriver                        0x0000000104e0a43c chromedriver + 4154428
8   chromedriver                        0x0000000104e0eea0 chromedriver + 4173472
9   chromedriver                        0x0000000104defff8 chromedriver + 4046840
10  chromedriver                        0x0000000104e0f78c chromedriver + 4175756
11  chromedriver                        0x0000000104de2fb8 chromedriver + 3993528
12  chromedriver                        0x0000000104e2d21c chromedriver + 4297244
13  chromedriver                        0x0000000104e2d398 chromedriver + 4297624
14  chromedriver                        0x0000000104e3af84 chromedriver + 4353924
15  libsystem_pthread.dylib             0x000000018113e034 _pthread_start + 136
16  libsystem_pthread.dylib             0x0000000181138e3c thread_start + 8

2024-07-11 13:07:04,514:ERROR:Error clicking next button at http://laes.psusd.us/directory: Message: 
Stacktrace:
0   chromedriver                        0x0000000104e42a80 chromedriver + 4385408
1   chromedriver                        0x0000000104e3b38c chromedriver + 4354956
2   chromedriver                        0x0000000104a58b0c chromedriver + 281356
3   chromedriver                        0x0000000104a9b2f8 chromedriver + 553720
4   chromedriver                        0x0000000104ad3d24 chromedriver + 785700
5   chromedriver                        0x0000000104a8feec chromedriver + 507628
6   chromedriver                        0x0000000104a908c4 chromedriver + 510148
7   chromedriver                        0x0000000104e0a43c chromedriver + 4154428
8   chromedriver                        0x0000000104e0eea0 chromedriver + 4173472
9   chromedriver                        0x0000000104defff8 chromedriver + 4046840
10  chromedriver                        0x0000000104e0f78c chromedriver + 4175756
11  chromedriver                        0x0000000104de2fb8 chromedriver + 3993528
12  chromedriver                        0x0000000104e2d21c chromedriver + 4297244
13  chromedriver                        0x0000000104e2d398 chromedriver + 4297624
14  chromedriver                        0x0000000104e3af84 chromedriver + 4353924
15  libsystem_pthread.dylib             0x000000018113e034 _pthread_start + 136
16  libsystem_pthread.dylib             0x0000000181138e3c thread_start + 8

2024-07-11 13:07:09,931:ERROR:Error clicking next button at https://ths.tustin.k12.ca.us/directory: Message: 
Stacktrace:
0   chromedriver                        0x0000000104e42a80 chromedriver + 4385408
1   chromedriver                        0x0000000104e3b38c chromedriver + 4354956
2   chromedriver                        0x0000000104a58b0c chromedriver + 281356
3   chromedriver                        0x0000000104a9b2f8 chromedriver + 553720
4   chromedriver                        0x0000000104ad3d24 chromedriver + 785700
5   chromedriver                        0x0000000104a8feec chromedriver + 507628
6   chromedriver                        0x0000000104a908c4 chromedriver + 510148
7   chromedriver                        0x0000000104e0a43c chromedriver + 4154428
8   chromedriver                        0x0000000104e0eea0 chromedriver + 4173472
9   chromedriver                        0x0000000104defff8 chromedriver + 4046840
10  chromedriver                        0x0000000104e0f78c chromedriver + 4175756
11  chromedriver                        0x0000000104de2fb8 chromedriver + 3993528
12  chromedriver                        0x0000000104e2d21c chromedriver + 4297244
13  chromedriver                        0x0000000104e2d398 chromedriver + 4297624
14  chromedriver                        0x0000000104e3af84 chromedriver + 4353924
15  libsystem_pthread.dylib             0x000000018113e034 _pthread_start + 136
16  libsystem_pthread.dylib             0x0000000181138e3c thread_start + 8

2024-07-11 13:07:13,871:ERROR:Error clicking next button at http://jwms.psusd.us/directory: Message: 
Stacktrace:
0   chromedriver                        0x0000000104e42a80 chromedriver + 4385408
1   chromedriver                        0x0000000104e3b38c chromedriver + 4354956
2   chromedriver                        0x0000000104a58b0c chromedriver + 281356
3   chromedriver                        0x0000000104a9b2f8 chromedriver + 553720
4   chromedriver                        0x0000000104ad3d24 chromedriver + 785700
5   chromedriver                        0x0000000104a8feec chromedriver + 507628
6   chromedriver                        0x0000000104a908c4 chromedriver + 510148
7   chromedriver                        0x0000000104e0a43c chromedriver + 4154428
8   chromedriver                        0x0000000104e0eea0 chromedriver + 4173472
9   chromedriver                        0x0000000104defff8 chromedriver + 4046840
10  chromedriver                        0x0000000104e0f78c chromedriver + 4175756
11  chromedriver                        0x0000000104de2fb8 chromedriver + 3993528
12  chromedriver                        0x0000000104e2d21c chromedriver + 4297244
13  chromedriver                        0x0000000104e2d398 chromedriver + 4297624
14  chromedriver                        0x0000000104e3af84 chromedriver + 4353924
15  libsystem_pthread.dylib             0x000000018113e034 _pthread_start + 136
16  libsystem_pthread.dylib             0x0000000181138e3c thread_start + 8

